Build started 7/9/2019 7:45:59 AM.
     1>Project "C:\Users\ASUS\Desktop\Projects\Experiment 1\Experiment 1\Experiment 1.vcxproj" on node 2 (build target(s)).
     1>InitializeBuildStatus:
         Creating "Debug\Experiment 1.unsuccessfulbuild" because "AlwaysCreate" was specified.
       ClCompile:
         C:\Program Files (x86)\Microsoft Visual Studio 10.0\VC\bin\CL.exe /c /ZI /nologo /W3 /WX- /Od /Oy- /D _MBCS /Gm /EHsc /RTC1 /MDd /GS /fp:precise /Zc:wchar_t /Zc:forScope /Fo"Debug\\" /Fd"Debug\vc100.pdb" /Gd /TP /analyze- /errorReport:prompt "Experiment 1.cpp"
         Experiment 1.cpp
     1>c:\users\asus\desktop\projects\experiment 1\experiment 1\experiment 1.cpp(34): warning C4996: 'getch': The POSIX name for this item is deprecated. Instead, use the ISO C++ conformant name: _getch. See online help for details.
                 c:\program files (x86)\microsoft visual studio 10.0\vc\include\conio.h(128) : see declaration of 'getch'
       Link:
         C:\Program Files (x86)\Microsoft Visual Studio 10.0\VC\bin\link.exe /ERRORREPORT:PROMPT /OUT:"C:\Users\ASUS\Desktop\Projects\Experiment 1\Debug\Experiment 1.exe" /NOLOGO kernel32.lib user32.lib gdi32.lib winspool.lib comdlg32.lib advapi32.lib shell32.lib ole32.lib oleaut32.lib uuid.lib odbc32.lib odbccp32.lib /MANIFEST /ManifestFile:"Debug\Experiment 1.exe.intermediate.manifest" /MANIFESTUAC:"level='asInvoker' uiAccess='false'" /DEBUG /PDB:"C:\Users\ASUS\Desktop\Projects\Experiment 1\Debug\Experiment 1.pdb" /TLBID:1 /DYNAMICBASE /NXCOMPAT /IMPLIB:"C:\Users\ASUS\Desktop\Projects\Experiment 1\Debug\Experiment 1.lib" /MACHINE:X86 "Debug\Experiment 1.obj"
         LINK : C:\Users\ASUS\Desktop\Projects\Experiment 1\Debug\Experiment 1.exe not found or not built by the last incremental link; performing full link
         Experiment 1.vcxproj -> C:\Users\ASUS\Desktop\Projects\Experiment 1\Debug\Experiment 1.exe
       Manifest:
         C:\Program Files (x86)\Microsoft SDKs\Windows\v7.0A\bin\mt.exe /nologo /verbose /outputresource:"C:\Users\ASUS\Desktop\Projects\Experiment 1\Debug\Experiment 1.exe;#1" /manifest "Debug\Experiment 1.exe.intermediate.manifest"
       FinalizeBuildStatus:
         Deleting file "Debug\Experiment 1.unsuccessfulbuild".
         Touching "Debug\Experiment 1.lastbuildstate".
     1>Done Building Project "C:\Users\ASUS\Desktop\Projects\Experiment 1\Experiment 1\Experiment 1.vcxproj" (build target(s)).

Build succeeded.

Time Elapsed 00:00:20.31
